Arguments: 
  /Users/4u/.nvm/versions/node/v16.13.2/bin/node /Users/4u/.nvm/versions/node/v16.13.2/bin/yarn install

PATH: 
  /Users/4u/.nvm/versions/node/v16.13.2/bin:/opt/homebrew/bin:/opt/homebrew/sbin:/usr/local/bin:/usr/bin:/bin:/usr/sbin:/sbin:/Users/4u/.nvm/versions/node/v16.13.2/bin:/opt/homebrew/bin:/opt/homebrew/sbin

Yarn version: 
  1.22.19

Node version: 
  16.13.2

Platform: 
  darwin x64

Trace: 
  SyntaxError: /Users/4u/Development/Projects/datasouls/frontend-ckeditor5/package.json: Unexpected token } in JSON at position 244
      at JSON.parse (<anonymous>)
      at /Users/4u/.nvm/versions/node/v16.13.2/lib/node_modules/yarn/lib/cli.js:1629:59
      at Generator.next (<anonymous>)
      at step (/Users/4u/.nvm/versions/node/v16.13.2/lib/node_modules/yarn/lib/cli.js:310:30)
      at /Users/4u/.nvm/versions/node/v16.13.2/lib/node_modules/yarn/lib/cli.js:321:13

npm manifest: 
  {
    "name": "custom-ckeditor5",
    "description": "based on https://github.com/ckeditor/ckeditor5/tree/master/packages/ckeditor5-build-classic",
    "version": "0.0.5",
    "private": true,
    "scripts": {
      "build": "webpack --mode production",
    },
    "dependencies": {
      "@ckeditor/ckeditor5-adapter-ckfinder": "^35.3.0",
      "@ckeditor/ckeditor5-alignment": "^35.3.0",
      "@ckeditor/ckeditor5-autoformat": "^35.3.0",
      "@ckeditor/ckeditor5-basic-styles": "^35.3.0",
      "@ckeditor/ckeditor5-block-quote": "^35.3.0",
      "@ckeditor/ckeditor5-ckfinder": "^35.3.0",
      "@ckeditor/ckeditor5-cloud-services": "^35.3.0",
      "@ckeditor/ckeditor5-code-block": "^35.3.0",
      "@ckeditor/ckeditor5-core": "^35.3.0",
      "@ckeditor/ckeditor5-easy-image": "^35.3.0",
      "@ckeditor/ckeditor5-build-classic": "^35.3.0",
      "@ckeditor/ckeditor5-essentials": "^35.3.0",
      "@ckeditor/ckeditor5-heading": "^35.3.0",
      "@ckeditor/ckeditor5-image": "^35.3.0",
      "@ckeditor/ckeditor5-indent": "^35.3.0",
      "@ckeditor/ckeditor5-link": "^35.3.0",
      "@ckeditor/ckeditor5-list": "^35.3.0",
      "@ckeditor/ckeditor5-media-embed": "^35.3.0",
      "@ckeditor/ckeditor5-paragraph": "^35.3.0",
      "@ckeditor/ckeditor5-paste-from-office": "^35.3.0",
      "@ckeditor/ckeditor5-table": "^35.3.0",
      "@ckeditor/ckeditor5-typing": "^35.3.0",
      "@ckeditor/ckeditor5-ui": "^35.3.0",
      "@ckeditor/ckeditor5-upload": "^35.3.0"
    },
    "devDependencies": {
      "@ckeditor/ckeditor5-core": "^35.3.0",
      "@ckeditor/ckeditor5-dev-utils": "^31.0.0",
      "@ckeditor/ckeditor5-dev-webpack-plugin": "^31.0.0",
      "@ckeditor/ckeditor5-theme-lark": "^35.3.0",
      "css-loader": "^5.2.7",
      "postcss-loader": "^4.3.0",
      "raw-loader": "^4.0.1",
      "style-loader": "^2.0.0",
      "terser-webpack-plugin": "^4.2.3",
      "ts-loader": "^9.3.0",
      "webpack": "^5.58.1",
      "webpack-cli": "^4.9.0"
    },
    "main": "build/ckeditor.js",
    "types": "ckeditor.d.ts"
  }

yarn manifest: 
  No manifest

Lockfile: 
  No lockfile
